<?xml version="1.0" encoding="UTF-8"?>
<!-- Generated by org.testng.reporters.JUnitReportReporter -->
<testsuite hostname="sanket" failures="0" tests="3" name="testClasses.CreateAccn" time="8.459" errors="0" timestamp="2024-07-17T13:20:16 IST" skipped="1">
  <testcase classname="testClasses.CreateAccn" name="sendNameAndCheckTitle" time="3.137"/>
  <system-out/>
  <testcase classname="testClasses.CreateAccn" name="sendNameAndCheckTitle" time="5.322"/>
  <system-out/>
  <testcase classname="testClasses.CreateAccn" name="checkbuttonIsEnable">
    <skipped/>
  </testcase> <!-- checkbuttonIsEnable -->
  <system-out/>
</testsuite> <!-- testClasses.CreateAccn -->
