<?xml version="1.0" encoding="UTF-8"?>
<!-- Generated by org.testng.reporters.JUnitReportReporter -->
<testsuite hostname="sanket" failures="0" tests="3" name="testClasses.CreateAccnTest" time="8.362" errors="0" timestamp="2024-07-17T15:26:15 IST" skipped="1">
  <testcase classname="testClasses.CreateAccnTest" name="sendNameAndCheckTitle" time="4.770"/>
  <system-out/>
  <testcase classname="testClasses.CreateAccnTest" name="sendNameAndCheckTitle" time="3.592"/>
  <system-out/>
  <testcase classname="testClasses.CreateAccnTest" name="checkbuttonIsEnable">
    <skipped/>
  </testcase> <!-- checkbuttonIsEnable -->
  <system-out/>
</testsuite> <!-- testClasses.CreateAccnTest -->
